<?xml version="1.0" encoding="UTF-8"?>
<!-- Generated by org.testng.reporters.JUnitReportReporter -->
<testsuite skipped="0" hostname="MICHAEL-RAY" name="parallel.grid.roughWork.TestCase1" tests="2" failures="0" timestamp="2020-05-06T19:13:11 BST" time="118.759" errors="0">
  <testcase name="DeleteWishListProduct" time="60.184" classname="parallel.grid.roughWork.TestCase1"/>
  <system-out/>
  <testcase name="DeleteWishListProduct" time="58.575" classname="parallel.grid.roughWork.TestCase1"/>
  <system-out/>
</testsuite> <!-- parallel.grid.roughWork.TestCase1 -->
